[0622/151629.210:WARNING:resource_util.cc(94)] Please customize CefSettings.root_cache_path for your application. Use of the default value may lead to unintended process singleton behavior.
[0622/151804.788:WARNING:resource_util.cc(94)] Please customize CefSettings.root_cache_path for your application. Use of the default value may lead to unintended process singleton behavior.
[0622/151927.412:WARNING:resource_util.cc(94)] Please customize CefSettings.root_cache_path for your application. Use of the default value may lead to unintended process singleton behavior.
[0622/152004.984:WARNING:resource_util.cc(94)] Please customize CefSettings.root_cache_path for your application. Use of the default value may lead to unintended process singleton behavior.
[0622/152028.159:WARNING:resource_util.cc(94)] Please customize CefSettings.root_cache_path for your application. Use of the default value may lead to unintended process singleton behavior.
[0622/152142.221:WARNING:resource_util.cc(94)] Please customize CefSettings.root_cache_path for your application. Use of the default value may lead to unintended process singleton behavior.
[0622/152215.781:WARNING:resource_util.cc(94)] Please customize CefSettings.root_cache_path for your application. Use of the default value may lead to unintended process singleton behavior.
[0622/152219.270:INFO:CONSOLE(265)] "这是一个最好的时代，
科技的发展给予了每个人创造价值的可能性；
这也是一个最充满想象的时代，
每一位心怀梦想的人，终会奔向星辰大海。
百度与你们一起仰望星辰大海，携手共筑未来！
", source: https://pss.bdstatic.com/r/www/cache/static/protocol/https/global/js/all_async_search_e29cdc9.js (265)
[0622/152219.270:INFO:CONSOLE(265)] "%c百度2023校园招聘简历投递：https://talent.baidu.com/jobs/list color:red", source: https://pss.bdstatic.com/r/www/cache/static/protocol/https/global/js/all_async_search_e29cdc9.js (265)
[0622/152323.629:WARNING:resource_util.cc(94)] Please customize CefSettings.root_cache_path for your application. Use of the default value may lead to unintended process singleton behavior.
[0622/152418.981:WARNING:resource_util.cc(94)] Please customize CefSettings.root_cache_path for your application. Use of the default value may lead to unintended process singleton behavior.
[0622/152454.080:WARNING:resource_util.cc(94)] Please customize CefSettings.root_cache_path for your application. Use of the default value may lead to unintended process singleton behavior.
[0622/152757.571:WARNING:resource_util.cc(94)] Please customize CefSettings.root_cache_path for your application. Use of the default value may lead to unintended process singleton behavior.
[0622/153042.475:WARNING:resource_util.cc(94)] Please customize CefSettings.root_cache_path for your application. Use of the default value may lead to unintended process singleton behavior.
[0622/153112.154:WARNING:resource_util.cc(94)] Please customize CefSettings.root_cache_path for your application. Use of the default value may lead to unintended process singleton behavior.
[0622/153241.430:WARNING:resource_util.cc(94)] Please customize CefSettings.root_cache_path for your application. Use of the default value may lead to unintended process singleton behavior.
[0622/153417.525:WARNING:resource_util.cc(94)] Please customize CefSettings.root_cache_path for your application. Use of the default value may lead to unintended process singleton behavior.
[0622/153445.317:WARNING:resource_util.cc(94)] Please customize CefSettings.root_cache_path for your application. Use of the default value may lead to unintended process singleton behavior.
[0622/153446.432:INFO:CONSOLE(265)] "这是一个最好的时代，
科技的发展给予了每个人创造价值的可能性；
这也是一个最充满想象的时代，
每一位心怀梦想的人，终会奔向星辰大海。
百度与你们一起仰望星辰大海，携手共筑未来！
", source: https://pss.bdstatic.com/r/www/cache/static/protocol/https/global/js/all_async_search_e29cdc9.js (265)
[0622/153446.432:INFO:CONSOLE(265)] "%c百度2023校园招聘简历投递：https://talent.baidu.com/jobs/list color:red", source: https://pss.bdstatic.com/r/www/cache/static/protocol/https/global/js/all_async_search_e29cdc9.js (265)
[0622/153547.028:WARNING:resource_util.cc(94)] Please customize CefSettings.root_cache_path for your application. Use of the default value may lead to unintended process singleton behavior.
[0622/153614.060:WARNING:resource_util.cc(94)] Please customize CefSettings.root_cache_path for your application. Use of the default value may lead to unintended process singleton behavior.
[0622/153614.907:INFO:CONSOLE(265)] "这是一个最好的时代，
科技的发展给予了每个人创造价值的可能性；
这也是一个最充满想象的时代，
每一位心怀梦想的人，终会奔向星辰大海。
百度与你们一起仰望星辰大海，携手共筑未来！
", source: https://pss.bdstatic.com/r/www/cache/static/protocol/https/global/js/all_async_search_e29cdc9.js (265)
[0622/153614.907:INFO:CONSOLE(265)] "%c百度2023校园招聘简历投递：https://talent.baidu.com/jobs/list color:red", source: https://pss.bdstatic.com/r/www/cache/static/protocol/https/global/js/all_async_search_e29cdc9.js (265)
[0622/153809.752:WARNING:resource_util.cc(94)] Please customize CefSettings.root_cache_path for your application. Use of the default value may lead to unintended process singleton behavior.
[0622/153810.528:INFO:CONSOLE(265)] "这是一个最好的时代，
科技的发展给予了每个人创造价值的可能性；
这也是一个最充满想象的时代，
每一位心怀梦想的人，终会奔向星辰大海。
百度与你们一起仰望星辰大海，携手共筑未来！
", source: https://pss.bdstatic.com/r/www/cache/static/protocol/https/global/js/all_async_search_e29cdc9.js (265)
[0622/153810.529:INFO:CONSOLE(265)] "%c百度2023校园招聘简历投递：https://talent.baidu.com/jobs/list color:red", source: https://pss.bdstatic.com/r/www/cache/static/protocol/https/global/js/all_async_search_e29cdc9.js (265)
[0622/155001.469:WARNING:resource_util.cc(94)] Please customize CefSettings.root_cache_path for your application. Use of the default value may lead to unintended process singleton behavior.
[0622/155002.333:INFO:CONSOLE(265)] "这是一个最好的时代，
科技的发展给予了每个人创造价值的可能性；
这也是一个最充满想象的时代，
每一位心怀梦想的人，终会奔向星辰大海。
百度与你们一起仰望星辰大海，携手共筑未来！
", source: https://pss.bdstatic.com/r/www/cache/static/protocol/https/global/js/all_async_search_e29cdc9.js (265)
[0622/155002.333:INFO:CONSOLE(265)] "%c百度2023校园招聘简历投递：https://talent.baidu.com/jobs/list color:red", source: https://pss.bdstatic.com/r/www/cache/static/protocol/https/global/js/all_async_search_e29cdc9.js (265)
[0622/155753.256:WARNING:resource_util.cc(94)] Please customize CefSettings.root_cache_path for your application. Use of the default value may lead to unintended process singleton behavior.
[0622/155754.002:INFO:CONSOLE(265)] "这是一个最好的时代，
科技的发展给予了每个人创造价值的可能性；
这也是一个最充满想象的时代，
每一位心怀梦想的人，终会奔向星辰大海。
百度与你们一起仰望星辰大海，携手共筑未来！
", source: https://pss.bdstatic.com/r/www/cache/static/protocol/https/global/js/all_async_search_e29cdc9.js (265)
[0622/155754.002:INFO:CONSOLE(265)] "%c百度2023校园招聘简历投递：https://talent.baidu.com/jobs/list color:red", source: https://pss.bdstatic.com/r/www/cache/static/protocol/https/global/js/all_async_search_e29cdc9.js (265)
[0622/155850.429:WARNING:resource_util.cc(94)] Please customize CefSettings.root_cache_path for your application. Use of the default value may lead to unintended process singleton behavior.
[0622/155850.896:INFO:CONSOLE(265)] "这是一个最好的时代，
科技的发展给予了每个人创造价值的可能性；
这也是一个最充满想象的时代，
每一位心怀梦想的人，终会奔向星辰大海。
百度与你们一起仰望星辰大海，携手共筑未来！
", source: https://pss.bdstatic.com/r/www/cache/static/protocol/https/global/js/all_async_search_e29cdc9.js (265)
[0622/155850.896:INFO:CONSOLE(265)] "%c百度2023校园招聘简历投递：https://talent.baidu.com/jobs/list color:red", source: https://pss.bdstatic.com/r/www/cache/static/protocol/https/global/js/all_async_search_e29cdc9.js (265)
[0622/160327.265:WARNING:resource_util.cc(94)] Please customize CefSettings.root_cache_path for your application. Use of the default value may lead to unintended process singleton behavior.
[0622/160327.965:INFO:CONSOLE(265)] "这是一个最好的时代，
科技的发展给予了每个人创造价值的可能性；
这也是一个最充满想象的时代，
每一位心怀梦想的人，终会奔向星辰大海。
百度与你们一起仰望星辰大海，携手共筑未来！
", source: https://pss.bdstatic.com/r/www/cache/static/protocol/https/global/js/all_async_search_e29cdc9.js (265)
[0622/160327.965:INFO:CONSOLE(265)] "%c百度2023校园招聘简历投递：https://talent.baidu.com/jobs/list color:red", source: https://pss.bdstatic.com/r/www/cache/static/protocol/https/global/js/all_async_search_e29cdc9.js (265)
[0622/160358.023:WARNING:resource_util.cc(94)] Please customize CefSettings.root_cache_path for your application. Use of the default value may lead to unintended process singleton behavior.
[0622/160722.113:WARNING:resource_util.cc(94)] Please customize CefSettings.root_cache_path for your application. Use of the default value may lead to unintended process singleton behavior.
[0622/160744.026:WARNING:resource_util.cc(94)] Please customize CefSettings.root_cache_path for your application. Use of the default value may lead to unintended process singleton behavior.
[0622/160751.168:INFO:CONSOLE(265)] "这是一个最好的时代，
科技的发展给予了每个人创造价值的可能性；
这也是一个最充满想象的时代，
每一位心怀梦想的人，终会奔向星辰大海。
百度与你们一起仰望星辰大海，携手共筑未来！
", source: https://pss.bdstatic.com/r/www/cache/static/protocol/https/global/js/all_async_search_e29cdc9.js (265)
[0622/160751.168:INFO:CONSOLE(265)] "%c百度2023校园招聘简历投递：https://talent.baidu.com/jobs/list color:red", source: https://pss.bdstatic.com/r/www/cache/static/protocol/https/global/js/all_async_search_e29cdc9.js (265)
[0622/160937.781:WARNING:resource_util.cc(94)] Please customize CefSettings.root_cache_path for your application. Use of the default value may lead to unintended process singleton behavior.
[0622/160944.672:INFO:CONSOLE(265)] "这是一个最好的时代，
科技的发展给予了每个人创造价值的可能性；
这也是一个最充满想象的时代，
每一位心怀梦想的人，终会奔向星辰大海。
百度与你们一起仰望星辰大海，携手共筑未来！
", source: https://pss.bdstatic.com/r/www/cache/static/protocol/https/global/js/all_async_search_e29cdc9.js (265)
[0622/160944.672:INFO:CONSOLE(265)] "%c百度2023校园招聘简历投递：https://talent.baidu.com/jobs/list color:red", source: https://pss.bdstatic.com/r/www/cache/static/protocol/https/global/js/all_async_search_e29cdc9.js (265)
[0622/162147.173:WARNING:resource_util.cc(94)] Please customize CefSettings.root_cache_path for your application. Use of the default value may lead to unintended process singleton behavior.
[0622/162222.207:WARNING:resource_util.cc(94)] Please customize CefSettings.root_cache_path for your application. Use of the default value may lead to unintended process singleton behavior.
[0622/162227.961:INFO:CONSOLE(265)] "这是一个最好的时代，
科技的发展给予了每个人创造价值的可能性；
这也是一个最充满想象的时代，
每一位心怀梦想的人，终会奔向星辰大海。
百度与你们一起仰望星辰大海，携手共筑未来！
", source: https://pss.bdstatic.com/r/www/cache/static/protocol/https/global/js/all_async_search_e29cdc9.js (265)
[0622/162227.961:INFO:CONSOLE(265)] "%c百度2023校园招聘简历投递：https://talent.baidu.com/jobs/list color:red", source: https://pss.bdstatic.com/r/www/cache/static/protocol/https/global/js/all_async_search_e29cdc9.js (265)
[0622/162420.582:WARNING:resource_util.cc(94)] Please customize CefSettings.root_cache_path for your application. Use of the default value may lead to unintended process singleton behavior.
[0622/162422.835:INFO:CONSOLE(265)] "这是一个最好的时代，
科技的发展给予了每个人创造价值的可能性；
这也是一个最充满想象的时代，
每一位心怀梦想的人，终会奔向星辰大海。
百度与你们一起仰望星辰大海，携手共筑未来！
", source: https://pss.bdstatic.com/r/www/cache/static/protocol/https/global/js/all_async_search_e29cdc9.js (265)
[0622/162422.836:INFO:CONSOLE(265)] "%c百度2023校园招聘简历投递：https://talent.baidu.com/jobs/list color:red", source: https://pss.bdstatic.com/r/www/cache/static/protocol/https/global/js/all_async_search_e29cdc9.js (265)
[0622/162440.392:WARNING:resource_util.cc(94)] Please customize CefSettings.root_cache_path for your application. Use of the default value may lead to unintended process singleton behavior.
